2018-03-29T13:17:07+00:00 ERROR DOMXPath::query(): Invalid expression in selector >> [owa] .block-grid.two-up
.col << in /var/www/orange.ru.com/public_html/wp-content/plugins/woocommerce/includes/libraries/class-emogrifier.php on line 373
2018-03-29T13:21:46+00:00 ERROR DOMXPath::query(): Invalid expression in selector >> [owa] .block-grid.two-up
.col << in /var/www/orange.ru.com/public_html/wp-content/plugins/woocommerce/includes/libraries/class-emogrifier.php on line 373
2018-03-29T13:25:47+00:00 ERROR DOMXPath::query(): Invalid expression in selector >> [owa] .block-grid.two-up
.col << in /var/www/orange.ru.com/public_html/wp-content/plugins/woocommerce/includes/libraries/class-emogrifier.php on line 373
2018-03-29T14:20:54+00:00 ERROR DOMXPath::query(): Invalid expression in selector >> [owa] .block-grid.two-up
.col << in /var/www/orange.ru.com/public_html/wp-content/plugins/woocommerce/includes/libraries/class-emogrifier.php on line 373
2018-03-29T14:31:26+00:00 ERROR DOMXPath::query(): Invalid expression in selector >> [owa] .block-grid.two-up
.col << in /var/www/orange.ru.com/public_html/wp-content/plugins/woocommerce/includes/libraries/class-emogrifier.php on line 373
2018-03-29T14:36:29+00:00 ERROR DOMXPath::query(): Invalid expression in selector >> [owa] .block-grid.two-up
.col << in /var/www/orange.ru.com/public_html/wp-content/plugins/woocommerce/includes/libraries/class-emogrifier.php on line 373
2018-03-29T14:38:10+00:00 ERROR DOMXPath::query(): Invalid expression in selector >> [owa] .block-grid.two-up
.col << in /var/www/orange.ru.com/public_html/wp-content/plugins/woocommerce/includes/libraries/class-emogrifier.php on line 373
2018-03-29T14:40:42+00:00 ERROR DOMXPath::query(): Invalid expression in selector >> [owa] .block-grid.two-up
.col << in /var/www/orange.ru.com/public_html/wp-content/plugins/woocommerce/includes/libraries/class-emogrifier.php on line 373
2018-03-29T14:44:20+00:00 ERROR DOMXPath::query(): Invalid expression in selector >> [owa] .block-grid.two-up
.col << in /var/www/orange.ru.com/public_html/wp-content/plugins/woocommerce/includes/libraries/class-emogrifier.php on line 373
2018-03-29T15:34:26+00:00 ERROR DOMXPath::query(): Invalid expression in selector >> [owa] .block-grid.two-up
.col << in /var/www/orange.ru.com/public_html/wp-content/plugins/woocommerce/includes/libraries/class-emogrifier.php on line 373
2018-03-29T15:35:35+00:00 ERROR DOMXPath::query(): Invalid expression in selector >> [owa] .block-grid.two-up
.col << in /var/www/orange.ru.com/public_html/wp-content/plugins/woocommerce/includes/libraries/class-emogrifier.php on line 373
2018-03-29T15:38:43+00:00 ERROR DOMXPath::query(): Invalid expression in selector >> [owa] .block-grid.two-up
.col << in /var/www/orange.ru.com/public_html/wp-content/plugins/woocommerce/includes/libraries/class-emogrifier.php on line 373
2018-03-29T15:39:51+00:00 ERROR DOMXPath::query(): Invalid expression in selector >> [owa] .block-grid.two-up
.col << in /var/www/orange.ru.com/public_html/wp-content/plugins/woocommerce/includes/libraries/class-emogrifier.php on line 373
2018-03-29T15:42:11+00:00 ERROR DOMXPath::query(): Invalid expression in selector >> [owa] .block-grid.two-up
.col << in /var/www/orange.ru.com/public_html/wp-content/plugins/woocommerce/includes/libraries/class-emogrifier.php on line 373
2018-03-29T15:43:14+00:00 ERROR DOMXPath::query(): Invalid expression in selector >> [owa] .block-grid.two-up
.col << in /var/www/orange.ru.com/public_html/wp-content/plugins/woocommerce/includes/libraries/class-emogrifier.php on line 373
2018-03-29T15:45:10+00:00 ERROR DOMXPath::query(): Invalid expression in selector >> [owa] .block-grid.two-up
.col << in /var/www/orange.ru.com/public_html/wp-content/plugins/woocommerce/includes/libraries/class-emogrifier.php on line 373
2018-03-29T15:52:29+00:00 ERROR DOMXPath::query(): Invalid expression in selector >> [owa] .block-grid.two-up
.col << in /var/www/orange.ru.com/public_html/wp-content/plugins/woocommerce/includes/libraries/class-emogrifier.php on line 373
2018-03-29T15:52:51+00:00 ERROR DOMXPath::query(): Invalid expression in selector >> [owa] .block-grid.two-up
.col << in /var/www/orange.ru.com/public_html/wp-content/plugins/woocommerce/includes/libraries/class-emogrifier.php on line 373
2018-03-29T15:52:54+00:00 ERROR DOMXPath::query(): Invalid expression in selector >> [owa] .block-grid.two-up
.col << in /var/www/orange.ru.com/public_html/wp-content/plugins/woocommerce/includes/libraries/class-emogrifier.php on line 373
2018-03-29T15:54:38+00:00 ERROR DOMXPath::query(): Invalid expression in selector >> [owa] .block-grid.two-up
.col << in /var/www/orange.ru.com/public_html/wp-content/plugins/woocommerce/includes/libraries/class-emogrifier.php on line 373
2018-03-29T15:55:21+00:00 ERROR DOMXPath::query(): Invalid expression in selector >> [owa] .block-grid.two-up
.col << in /var/www/orange.ru.com/public_html/wp-content/plugins/woocommerce/includes/libraries/class-emogrifier.php on line 373
2018-03-29T16:01:25+00:00 ERROR DOMXPath::query(): Invalid expression in selector >> [owa] .block-grid.two-up
.col << in /var/www/orange.ru.com/public_html/wp-content/plugins/woocommerce/includes/libraries/class-emogrifier.php on line 373
2018-03-29T16:02:00+00:00 ERROR DOMXPath::query(): Invalid expression in selector >> [owa] .block-grid.two-up
.col << in /var/www/orange.ru.com/public_html/wp-content/plugins/woocommerce/includes/libraries/class-emogrifier.php on line 373
2018-03-29T16:15:35+00:00 ERROR DOMXPath::query(): Invalid expression in selector >> [owa] .block-grid.two-up
.col << in /var/www/orange.ru.com/public_html/wp-content/plugins/woocommerce/includes/libraries/class-emogrifier.php on line 373
2018-03-29T16:16:20+00:00 ERROR DOMXPath::query(): Invalid expression in selector >> [owa] .block-grid.two-up
.col << in /var/www/orange.ru.com/public_html/wp-content/plugins/woocommerce/includes/libraries/class-emogrifier.php on line 373
2018-03-29T16:19:53+00:00 ERROR DOMXPath::query(): Invalid expression in selector >> [owa] .block-grid.two-up
.col << in /var/www/orange.ru.com/public_html/wp-content/plugins/woocommerce/includes/libraries/class-emogrifier.php on line 373
2018-03-29T16:31:04+00:00 ERROR DOMXPath::query(): Invalid expression in selector >> [owa] .block-grid.two-up
.col << in /var/www/orange.ru.com/public_html/wp-content/plugins/woocommerce/includes/libraries/class-emogrifier.php on line 373
2018-03-29T16:35:56+00:00 ERROR DOMXPath::query(): Invalid expression in selector >> [owa] .block-grid.two-up
.col << in /var/www/orange.ru.com/public_html/wp-content/plugins/woocommerce/includes/libraries/class-emogrifier.php on line 373
2018-03-29T16:38:15+00:00 ERROR DOMXPath::query(): Invalid expression in selector >> [owa] .block-grid.two-up
.col << in /var/www/orange.ru.com/public_html/wp-content/plugins/woocommerce/includes/libraries/class-emogrifier.php on line 373
2018-03-29T16:39:38+00:00 ERROR DOMXPath::query(): Invalid expression in selector >> [owa] .block-grid.two-up
.col << in /var/www/orange.ru.com/public_html/wp-content/plugins/woocommerce/includes/libraries/class-emogrifier.php on line 373
2018-03-29T16:43:27+00:00 ERROR DOMXPath::query(): Invalid expression in selector >> [owa] .block-grid.two-up
.col << in /var/www/orange.ru.com/public_html/wp-content/plugins/woocommerce/includes/libraries/class-emogrifier.php on line 373
2018-03-29T16:45:15+00:00 ERROR DOMXPath::query(): Invalid expression in selector >> [owa] .block-grid.two-up
.col << in /var/www/orange.ru.com/public_html/wp-content/plugins/woocommerce/includes/libraries/class-emogrifier.php on line 373
2018-03-29T16:48:01+00:00 ERROR DOMXPath::query(): Invalid expression in selector >> [owa] .block-grid.two-up
.col << in /var/www/orange.ru.com/public_html/wp-content/plugins/woocommerce/includes/libraries/class-emogrifier.php on line 373
2018-03-29T16:50:56+00:00 ERROR DOMXPath::query(): Invalid expression in selector >> [owa] .block-grid.two-up
.col << in /var/www/orange.ru.com/public_html/wp-content/plugins/woocommerce/includes/libraries/class-emogrifier.php on line 373
2018-03-29T17:09:53+00:00 ERROR DOMXPath::query(): Invalid expression in selector >> [owa] .block-grid.two-up
.col << in /var/www/orange.ru.com/public_html/wp-content/plugins/woocommerce/includes/libraries/class-emogrifier.php on line 373
2018-03-29T17:11:40+00:00 ERROR DOMXPath::query(): Invalid expression in selector >> [owa] .block-grid.two-up
.col << in /var/www/orange.ru.com/public_html/wp-content/plugins/woocommerce/includes/libraries/class-emogrifier.php on line 373
2018-03-29T17:21:29+00:00 ERROR DOMXPath::query(): Invalid expression in selector >> [owa] .block-grid.two-up
.col << in /var/www/orange.ru.com/public_html/wp-content/plugins/woocommerce/includes/libraries/class-emogrifier.php on line 373
2018-03-29T17:22:45+00:00 ERROR DOMXPath::query(): Invalid expression in selector >> [owa] .block-grid.two-up
.col << in /var/www/orange.ru.com/public_html/wp-content/plugins/woocommerce/includes/libraries/class-emogrifier.php on line 373
2018-03-29T17:39:26+00:00 ERROR DOMXPath::query(): Invalid expression in selector >> [owa] .block-grid.two-up
.col << in /var/www/orange.ru.com/public_html/wp-content/plugins/woocommerce/includes/libraries/class-emogrifier.php on line 373
2018-03-29T17:42:12+00:00 ERROR DOMXPath::query(): Invalid expression in selector >> [owa] .block-grid.two-up
.col << in /var/www/orange.ru.com/public_html/wp-content/plugins/woocommerce/includes/libraries/class-emogrifier.php on line 373
2018-03-29T17:54:48+00:00 ERROR DOMXPath::query(): Invalid expression in selector >> [owa] .block-grid.two-up
.col << in /var/www/orange.ru.com/public_html/wp-content/plugins/woocommerce/includes/libraries/class-emogrifier.php on line 373
2018-03-29T17:56:50+00:00 ERROR DOMXPath::query(): Invalid expression in selector >> [owa] .block-grid.two-up
.col << in /var/www/orange.ru.com/public_html/wp-content/plugins/woocommerce/includes/libraries/class-emogrifier.php on line 373
2018-03-29T18:05:04+00:00 ERROR DOMXPath::query(): Invalid expression in selector >> [owa] .block-grid.two-up
.col << in /var/www/orange.ru.com/public_html/wp-content/plugins/woocommerce/includes/libraries/class-emogrifier.php on line 373
2018-03-29T18:24:12+00:00 ERROR DOMXPath::query(): Invalid expression in selector >> [owa] .block-grid.two-up
.col << in /var/www/orange.ru.com/public_html/wp-content/plugins/woocommerce/includes/libraries/class-emogrifier.php on line 373
2018-03-29T18:26:19+00:00 ERROR DOMXPath::query(): Invalid expression in selector >> [owa] .block-grid.two-up
.col << in /var/www/orange.ru.com/public_html/wp-content/plugins/woocommerce/includes/libraries/class-emogrifier.php on line 373
2018-03-29T18:33:36+00:00 ERROR DOMXPath::query(): Invalid expression in selector >> [owa] .block-grid.two-up
.col << in /var/www/orange.ru.com/public_html/wp-content/plugins/woocommerce/includes/libraries/class-emogrifier.php on line 373
2018-03-29T18:38:39+00:00 ERROR DOMXPath::query(): Invalid expression in selector >> [owa] .block-grid.two-up
.col << in /var/www/orange.ru.com/public_html/wp-content/plugins/woocommerce/includes/libraries/class-emogrifier.php on line 373
2018-03-29T18:40:24+00:00 ERROR DOMXPath::query(): Invalid expression in selector >> [owa] .block-grid.two-up
.col << in /var/www/orange.ru.com/public_html/wp-content/plugins/woocommerce/includes/libraries/class-emogrifier.php on line 373
2018-03-29T18:42:14+00:00 ERROR DOMXPath::query(): Invalid expression in selector >> [owa] .block-grid.two-up
.col << in /var/www/orange.ru.com/public_html/wp-content/plugins/woocommerce/includes/libraries/class-emogrifier.php on line 373
2018-03-29T18:45:27+00:00 ERROR DOMXPath::query(): Invalid expression in selector >> [owa] .block-grid.two-up
.col << in /var/www/orange.ru.com/public_html/wp-content/plugins/woocommerce/includes/libraries/class-emogrifier.php on line 373
2018-03-29T18:49:36+00:00 ERROR DOMXPath::query(): Invalid expression in selector >> [owa] .block-grid.two-up
.col << in /var/www/orange.ru.com/public_html/wp-content/plugins/woocommerce/includes/libraries/class-emogrifier.php on line 373
2018-03-29T18:51:02+00:00 ERROR DOMXPath::query(): Invalid expression in selector >> [owa] .block-grid.two-up
.col << in /var/www/orange.ru.com/public_html/wp-content/plugins/woocommerce/includes/libraries/class-emogrifier.php on line 373
2018-03-29T18:56:12+00:00 ERROR DOMXPath::query(): Invalid expression in selector >> [owa] .block-grid.two-up
.col << in /var/www/orange.ru.com/public_html/wp-content/plugins/woocommerce/includes/libraries/class-emogrifier.php on line 373
2018-03-29T18:56:45+00:00 ERROR DOMXPath::query(): Invalid expression in selector >> [owa] .block-grid.two-up
.col << in /var/www/orange.ru.com/public_html/wp-content/plugins/woocommerce/includes/libraries/class-emogrifier.php on line 373
2018-03-30T13:21:07+00:00 ERROR DOMXPath::query(): Invalid expression in selector >> [owa] .block-grid.two-up
.col << in /var/www/orange.ru.com/public_html/wp-content/plugins/woocommerce/includes/libraries/class-emogrifier.php on line 373
2018-03-30T13:21:54+00:00 ERROR DOMXPath::query(): Invalid expression in selector >> [owa] .block-grid.two-up
.col << in /var/www/orange.ru.com/public_html/wp-content/plugins/woocommerce/includes/libraries/class-emogrifier.php on line 373
2018-03-30T13:25:32+00:00 ERROR DOMXPath::query(): Invalid expression in selector >> [owa] .block-grid.two-up
.col << in /var/www/orange.ru.com/public_html/wp-content/plugins/woocommerce/includes/libraries/class-emogrifier.php on line 373
2018-04-01T23:56:53+00:00 ERROR DOMXPath::query(): Invalid expression in selector >> [owa] .block-grid.two-up
.col << in /var/www/orange.ru.com/public_html/wp-content/plugins/woocommerce/includes/libraries/class-emogrifier.php on line 373
2018-04-02T00:15:19+00:00 ERROR DOMXPath::query(): Invalid expression in selector >> [owa] .block-grid.two-up
.col << in /var/www/orange.ru.com/public_html/wp-content/plugins/woocommerce/includes/libraries/class-emogrifier.php on line 373
2018-04-02T00:19:44+00:00 ERROR DOMXPath::query(): Invalid expression in selector >> [owa] .block-grid.two-up
.col << in /var/www/orange.ru.com/public_html/wp-content/plugins/woocommerce/includes/libraries/class-emogrifier.php on line 373
2018-04-02T00:20:42+00:00 ERROR DOMXPath::query(): Invalid expression in selector >> [owa] .block-grid.two-up
.col << in /var/www/orange.ru.com/public_html/wp-content/plugins/woocommerce/includes/libraries/class-emogrifier.php on line 373
2018-04-02T00:26:07+00:00 ERROR DOMXPath::query(): Invalid expression in selector >> [owa] .block-grid.two-up
.col << in /var/www/orange.ru.com/public_html/wp-content/plugins/woocommerce/includes/libraries/class-emogrifier.php on line 373
2018-04-02T00:26:53+00:00 ERROR DOMXPath::query(): Invalid expression in selector >> [owa] .block-grid.two-up
.col << in /var/www/orange.ru.com/public_html/wp-content/plugins/woocommerce/includes/libraries/class-emogrifier.php on line 373
2018-04-02T00:29:22+00:00 ERROR DOMXPath::query(): Invalid expression in selector >> [owa] .block-grid.two-up
.col << in /var/www/orange.ru.com/public_html/wp-content/plugins/woocommerce/includes/libraries/class-emogrifier.php on line 373
2018-04-02T00:35:15+00:00 ERROR DOMXPath::query(): Invalid expression in selector >> [owa] .block-grid.two-up
.col << in /var/www/orange.ru.com/public_html/wp-content/plugins/woocommerce/includes/libraries/class-emogrifier.php on line 373
2018-04-02T00:42:03+00:00 ERROR DOMXPath::query(): Invalid expression in selector >> [owa] .block-grid.two-up
.col << in /var/www/orange.ru.com/public_html/wp-content/plugins/woocommerce/includes/libraries/class-emogrifier.php on line 373
2018-04-02T00:52:24+00:00 ERROR DOMXPath::query(): Invalid expression in selector >> [owa] .block-grid.two-up
.col << in /var/www/orange.ru.com/public_html/wp-content/plugins/woocommerce/includes/libraries/class-emogrifier.php on line 373
2018-04-02T02:00:33+00:00 ERROR DOMXPath::query(): Invalid expression in selector >> [owa] .block-grid.two-up
.col << in /var/www/orange.ru.com/public_html/wp-content/plugins/woocommerce/includes/libraries/class-emogrifier.php on line 373
2018-04-02T02:01:53+00:00 ERROR DOMXPath::query(): Invalid expression in selector >> [owa] .block-grid.two-up
.col << in /var/www/orange.ru.com/public_html/wp-content/plugins/woocommerce/includes/libraries/class-emogrifier.php on line 373
2018-04-02T02:06:39+00:00 ERROR DOMXPath::query(): Invalid expression in selector >> [owa] .block-grid.two-up
.col << in /var/www/orange.ru.com/public_html/wp-content/plugins/woocommerce/includes/libraries/class-emogrifier.php on line 373
2018-04-02T02:16:16+00:00 ERROR DOMXPath::query(): Invalid expression in selector >> [owa] .block-grid.two-up
.col << in /var/www/orange.ru.com/public_html/wp-content/plugins/woocommerce/includes/libraries/class-emogrifier.php on line 373
2018-04-02T02:17:31+00:00 ERROR DOMXPath::query(): Invalid expression in selector >> [owa] .block-grid.two-up
.col << in /var/www/orange.ru.com/public_html/wp-content/plugins/woocommerce/includes/libraries/class-emogrifier.php on line 373
2018-04-02T02:19:03+00:00 ERROR DOMXPath::query(): Invalid expression in selector >> [owa] .block-grid.two-up
.col << in /var/www/orange.ru.com/public_html/wp-content/plugins/woocommerce/includes/libraries/class-emogrifier.php on line 373
2018-04-02T03:02:07+00:00 ERROR DOMXPath::query(): Invalid expression in selector >> [owa] .block-grid.two-up
.col << in /var/www/orange.ru.com/public_html/wp-content/plugins/woocommerce/includes/libraries/class-emogrifier.php on line 373
2018-04-02T03:02:28+00:00 ERROR DOMXPath::query(): Invalid expression in selector >> [owa] .block-grid.two-up
.col << in /var/www/orange.ru.com/public_html/wp-content/plugins/woocommerce/includes/libraries/class-emogrifier.php on line 373
2018-04-02T03:04:31+00:00 ERROR DOMXPath::query(): Invalid expression in selector >> [owa] .block-grid.two-up
.col << in /var/www/orange.ru.com/public_html/wp-content/plugins/woocommerce/includes/libraries/class-emogrifier.php on line 373
2018-04-02T03:06:08+00:00 ERROR DOMXPath::query(): Invalid expression in selector >> [owa] .block-grid.two-up
.col << in /var/www/orange.ru.com/public_html/wp-content/plugins/woocommerce/includes/libraries/class-emogrifier.php on line 373
2018-04-02T03:11:54+00:00 ERROR DOMXPath::query(): Invalid expression in selector >> [owa] .block-grid.two-up
.col << in /var/www/orange.ru.com/public_html/wp-content/plugins/woocommerce/includes/libraries/class-emogrifier.php on line 373
2018-04-02T03:15:07+00:00 ERROR DOMXPath::query(): Invalid expression in selector >> [owa] .block-grid.two-up
.col << in /var/www/orange.ru.com/public_html/wp-content/plugins/woocommerce/includes/libraries/class-emogrifier.php on line 373
2018-04-02T03:15:08+00:00 ERROR DOMXPath::query(): Invalid expression in selector >> [owa] .block-grid.two-up
.col << in /var/www/orange.ru.com/public_html/wp-content/plugins/woocommerce/includes/libraries/class-emogrifier.php on line 373
2018-04-02T04:00:53+00:00 ERROR DOMXPath::query(): Invalid expression in selector >> [owa] .block-grid.two-up
.col << in /var/www/orange.ru.com/public_html/wp-content/plugins/woocommerce/includes/libraries/class-emogrifier.php on line 373
2018-04-02T10:42:28+00:00 ERROR DOMXPath::query(): Invalid expression in selector >> [owa] .block-grid.two-up
.col << in /var/www/orange.ru.com/public_html/wp-content/plugins/woocommerce/includes/libraries/class-emogrifier.php on line 373
2018-04-02T10:43:46+00:00 ERROR DOMXPath::query(): Invalid expression in selector >> [owa] .block-grid.two-up
.col << in /var/www/orange.ru.com/public_html/wp-content/plugins/woocommerce/includes/libraries/class-emogrifier.php on line 373
2018-04-02T10:44:24+00:00 ERROR DOMXPath::query(): Invalid expression in selector >> [owa] .block-grid.two-up
.col << in /var/www/orange.ru.com/public_html/wp-content/plugins/woocommerce/includes/libraries/class-emogrifier.php on line 373
2018-04-02T10:49:07+00:00 ERROR DOMXPath::query(): Invalid expression in selector >> [owa] .block-grid.two-up
.col << in /var/www/orange.ru.com/public_html/wp-content/plugins/woocommerce/includes/libraries/class-emogrifier.php on line 373
2018-04-02T10:49:31+00:00 ERROR DOMXPath::query(): Invalid expression in selector >> [owa] .block-grid.two-up
.col << in /var/www/orange.ru.com/public_html/wp-content/plugins/woocommerce/includes/libraries/class-emogrifier.php on line 373
2018-04-02T10:49:51+00:00 ERROR DOMXPath::query(): Invalid expression in selector >> [owa] .block-grid.two-up
.col << in /var/www/orange.ru.com/public_html/wp-content/plugins/woocommerce/includes/libraries/class-emogrifier.php on line 373
2018-04-02T10:50:12+00:00 ERROR DOMXPath::query(): Invalid expression in selector >> [owa] .block-grid.two-up
.col << in /var/www/orange.ru.com/public_html/wp-content/plugins/woocommerce/includes/libraries/class-emogrifier.php on line 373
2018-04-02T10:50:30+00:00 ERROR DOMXPath::query(): Invalid expression in selector >> [owa] .block-grid.two-up
.col << in /var/www/orange.ru.com/public_html/wp-content/plugins/woocommerce/includes/libraries/class-emogrifier.php on line 373
2018-04-02T10:51:06+00:00 ERROR DOMXPath::query(): Invalid expression in selector >> [owa] .block-grid.two-up
.col << in /var/www/orange.ru.com/public_html/wp-content/plugins/woocommerce/includes/libraries/class-emogrifier.php on line 373
2018-04-02T11:08:47+00:00 ERROR DOMXPath::query(): Invalid expression in selector >> [owa] .block-grid.two-up
.col << in /var/www/orange.ru.com/public_html/wp-content/plugins/woocommerce/includes/libraries/class-emogrifier.php on line 373
2018-04-02T11:08:48+00:00 ERROR DOMXPath::query(): Invalid expression in selector >> [owa] .block-grid.two-up
.col << in /var/www/orange.ru.com/public_html/wp-content/plugins/woocommerce/includes/libraries/class-emogrifier.php on line 373
2018-04-02T11:11:40+00:00 ERROR DOMXPath::query(): Invalid expression in selector >> -->
<!---->
<!--h1 << in /var/www/orange.ru.com/public_html/wp-content/plugins/woocommerce/includes/libraries/class-emogrifier.php on line 373
2018-04-02T11:11:41+00:00 ERROR DOMXPath::query(): Invalid expression in selector >> -->
<!---->
<!--h1 << in /var/www/orange.ru.com/public_html/wp-content/plugins/woocommerce/includes/libraries/class-emogrifier.php on line 373
2018-04-02T11:19:59+00:00 ERROR DOMXPath::query(): Invalid expression in selector >> -->
<!---->
<!--h1 << in /var/www/orange.ru.com/public_html/wp-content/plugins/woocommerce/includes/libraries/class-emogrifier.php on line 373
2018-04-02T11:20:00+00:00 ERROR DOMXPath::query(): Invalid expression in selector >> -->
<!---->
<!--h1 << in /var/www/orange.ru.com/public_html/wp-content/plugins/woocommerce/includes/libraries/class-emogrifier.php on line 373
2018-04-02T11:32:29+00:00 ERROR DOMXPath::query(): Invalid expression in selector >> -->
<!---->
<!--h1 << in /var/www/orange.ru.com/public_html/wp-content/plugins/woocommerce/includes/libraries/class-emogrifier.php on line 373
2018-04-02T11:32:31+00:00 ERROR DOMXPath::query(): Invalid expression in selector >> -->
<!---->
<!--h1 << in /var/www/orange.ru.com/public_html/wp-content/plugins/woocommerce/includes/libraries/class-emogrifier.php on line 373
2018-04-02T12:18:03+00:00 ERROR DOMXPath::query(): Invalid expression in selector >> -->
<!---->
<!--h1 << in /var/www/orange.ru.com/public_html/wp-content/plugins/woocommerce/includes/libraries/class-emogrifier.php on line 373
2018-04-02T12:20:00+00:00 ERROR DOMXPath::query(): Invalid expression in selector >> -->
<!---->
<!--h1 << in /var/www/orange.ru.com/public_html/wp-content/plugins/woocommerce/includes/libraries/class-emogrifier.php on line 373
2018-04-02T12:22:51+00:00 ERROR DOMXPath::query(): Invalid expression in selector >> -->
<!---->
<!--h1 << in /var/www/orange.ru.com/public_html/wp-content/plugins/woocommerce/includes/libraries/class-emogrifier.php on line 373
2018-04-02T12:26:50+00:00 ERROR DOMXPath::query(): Invalid expression in selector >> -->
<!---->
<!--h1 << in /var/www/orange.ru.com/public_html/wp-content/plugins/woocommerce/includes/libraries/class-emogrifier.php on line 373
2018-04-02T12:27:08+00:00 ERROR DOMXPath::query(): Invalid expression in selector >> -->
<!---->
<!--h1 << in /var/www/orange.ru.com/public_html/wp-content/plugins/woocommerce/includes/libraries/class-emogrifier.php on line 373
2018-04-02T12:27:11+00:00 ERROR DOMXPath::query(): Invalid expression in selector >> -->
<!---->
<!--h1 << in /var/www/orange.ru.com/public_html/wp-content/plugins/woocommerce/includes/libraries/class-emogrifier.php on line 373
2018-04-02T13:19:04+00:00 ERROR DOMXPath::query(): Invalid expression in selector >> -->
<!---->
<!--h1 << in /var/www/orange.ru.com/public_html/wp-content/plugins/woocommerce/includes/libraries/class-emogrifier.php on line 373
2018-04-02T13:47:06+00:00 ERROR DOMXPath::query(): Invalid expression in selector >> -->
<!---->
<!--h1 << in /var/www/orange.ru.com/public_html/wp-content/plugins/woocommerce/includes/libraries/class-emogrifier.php on line 373
2018-04-02T13:47:55+00:00 ERROR DOMXPath::query(): Invalid expression in selector >> -->
<!---->
<!--h1 << in /var/www/orange.ru.com/public_html/wp-content/plugins/woocommerce/includes/libraries/class-emogrifier.php on line 373
2018-04-02T13:49:15+00:00 ERROR DOMXPath::query(): Invalid expression in selector >> -->
<!---->
<!--h1 << in /var/www/orange.ru.com/public_html/wp-content/plugins/woocommerce/includes/libraries/class-emogrifier.php on line 373
2018-04-02T14:16:08+00:00 ERROR DOMXPath::query(): Invalid expression in selector >> -->
<!---->
<!--h1 << in /var/www/orange.ru.com/public_html/wp-content/plugins/woocommerce/includes/libraries/class-emogrifier.php on line 373
2018-04-02T14:26:00+00:00 ERROR DOMXPath::query(): Invalid expression in selector >> -->
<!---->
<!--h1 << in /var/www/orange.ru.com/public_html/wp-content/plugins/woocommerce/includes/libraries/class-emogrifier.php on line 373
2018-04-02T14:27:34+00:00 ERROR DOMXPath::query(): Invalid expression in selector >> -->
<!---->
<!--h1 << in /var/www/orange.ru.com/public_html/wp-content/plugins/woocommerce/includes/libraries/class-emogrifier.php on line 373
2018-04-02T14:31:20+00:00 ERROR DOMXPath::query(): Invalid expression in selector >> -->
<!---->
<!--h1 << in /var/www/orange.ru.com/public_html/wp-content/plugins/woocommerce/includes/libraries/class-emogrifier.php on line 373
2018-04-02T14:36:29+00:00 ERROR DOMXPath::query(): Invalid expression in selector >> -->
<!---->
<!--h1 << in /var/www/orange.ru.com/public_html/wp-content/plugins/woocommerce/includes/libraries/class-emogrifier.php on line 373
2018-04-02T14:37:44+00:00 ERROR DOMXPath::query(): Invalid expression in selector >> -->
<!---->
<!--h1 << in /var/www/orange.ru.com/public_html/wp-content/plugins/woocommerce/includes/libraries/class-emogrifier.php on line 373
2018-04-02T14:40:52+00:00 ERROR DOMXPath::query(): Invalid expression in selector >> -->
<!---->
<!--h1 << in /var/www/orange.ru.com/public_html/wp-content/plugins/woocommerce/includes/libraries/class-emogrifier.php on line 373
2018-04-02T14:41:31+00:00 ERROR DOMXPath::query(): Invalid expression in selector >> -->
<!---->
<!--h1 << in /var/www/orange.ru.com/public_html/wp-content/plugins/woocommerce/includes/libraries/class-emogrifier.php on line 373
2018-04-02T14:42:45+00:00 ERROR DOMXPath::query(): Invalid expression in selector >> -->
<!---->
<!--h1 << in /var/www/orange.ru.com/public_html/wp-content/plugins/woocommerce/includes/libraries/class-emogrifier.php on line 373
2018-04-02T14:42:47+00:00 ERROR DOMXPath::query(): Invalid expression in selector >> -->
<!---->
<!--h1 << in /var/www/orange.ru.com/public_html/wp-content/plugins/woocommerce/includes/libraries/class-emogrifier.php on line 373
2018-04-02T14:52:34+00:00 ERROR DOMXPath::query(): Invalid expression in selector >> -->
<!---->
<!--h1 << in /var/www/orange.ru.com/public_html/wp-content/plugins/woocommerce/includes/libraries/class-emogrifier.php on line 373
2018-04-02T14:52:38+00:00 ERROR DOMXPath::query(): Invalid expression in selector >> -->
<!---->
<!--h1 << in /var/www/orange.ru.com/public_html/wp-content/plugins/woocommerce/includes/libraries/class-emogrifier.php on line 373
2018-04-02T14:53:38+00:00 ERROR DOMXPath::query(): Invalid expression in selector >> -->
<!---->
<!--h1 << in /var/www/orange.ru.com/public_html/wp-content/plugins/woocommerce/includes/libraries/class-emogrifier.php on line 373
2018-04-02T14:53:40+00:00 ERROR DOMXPath::query(): Invalid expression in selector >> -->
<!---->
<!--h1 << in /var/www/orange.ru.com/public_html/wp-content/plugins/woocommerce/includes/libraries/class-emogrifier.php on line 373
2018-04-02T14:56:02+00:00 ERROR DOMXPath::query(): Invalid expression in selector >> -->
<!---->
<!--h1 << in /var/www/orange.ru.com/public_html/wp-content/plugins/woocommerce/includes/libraries/class-emogrifier.php on line 373
2018-04-02T14:56:03+00:00 ERROR DOMXPath::query(): Invalid expression in selector >> -->
<!---->
<!--h1 << in /var/www/orange.ru.com/public_html/wp-content/plugins/woocommerce/includes/libraries/class-emogrifier.php on line 373
2018-04-02T15:44:05+00:00 ERROR DOMXPath::query(): Invalid expression in selector >> -->
<!---->
<!--h1 << in /var/www/orange.ru.com/public_html/wp-content/plugins/woocommerce/includes/libraries/class-emogrifier.php on line 373
2018-04-02T15:44:08+00:00 ERROR DOMXPath::query(): Invalid expression in selector >> -->
<!---->
<!--h1 << in /var/www/orange.ru.com/public_html/wp-content/plugins/woocommerce/includes/libraries/class-emogrifier.php on line 373
2018-04-02T15:44:19+00:00 ERROR DOMXPath::query(): Invalid expression in selector >> -->
<!---->
<!--h1 << in /var/www/orange.ru.com/public_html/wp-content/plugins/woocommerce/includes/libraries/class-emogrifier.php on line 373
2018-04-02T15:44:22+00:00 ERROR DOMXPath::query(): Invalid expression in selector >> -->
<!---->
<!--h1 << in /var/www/orange.ru.com/public_html/wp-content/plugins/woocommerce/includes/libraries/class-emogrifier.php on line 373
2018-04-02T15:54:44+00:00 ERROR DOMXPath::query(): Invalid expression in selector >> -->
<!---->
<!--h1 << in /var/www/orange.ru.com/public_html/wp-content/plugins/woocommerce/includes/libraries/class-emogrifier.php on line 373
2018-04-02T15:56:21+00:00 ERROR DOMXPath::query(): Invalid expression in selector >> -->
<!---->
<!--h1 << in /var/www/orange.ru.com/public_html/wp-content/plugins/woocommerce/includes/libraries/class-emogrifier.php on line 373
2018-04-02T15:58:22+00:00 ERROR DOMXPath::query(): Invalid expression in selector >> -->
<!---->
<!--h1 << in /var/www/orange.ru.com/public_html/wp-content/plugins/woocommerce/includes/libraries/class-emogrifier.php on line 373
2018-04-02T16:01:03+00:00 ERROR DOMXPath::query(): Invalid expression in selector >> -->
<!---->
<!--h1 << in /var/www/orange.ru.com/public_html/wp-content/plugins/woocommerce/includes/libraries/class-emogrifier.php on line 373
2018-04-02T16:01:05+00:00 ERROR DOMXPath::query(): Invalid expression in selector >> -->
<!---->
<!--h1 << in /var/www/orange.ru.com/public_html/wp-content/plugins/woocommerce/includes/libraries/class-emogrifier.php on line 373
2018-04-02T16:04:49+00:00 ERROR DOMXPath::query(): Invalid expression in selector >> -->
<!---->
<!--h1 << in /var/www/orange.ru.com/public_html/wp-content/plugins/woocommerce/includes/libraries/class-emogrifier.php on line 373
2018-04-02T16:04:51+00:00 ERROR DOMXPath::query(): Invalid expression in selector >> -->
<!---->
<!--h1 << in /var/www/orange.ru.com/public_html/wp-content/plugins/woocommerce/includes/libraries/class-emogrifier.php on line 373
2018-04-02T16:05:00+00:00 ERROR DOMXPath::query(): Invalid expression in selector >> -->
<!---->
<!--h1 << in /var/www/orange.ru.com/public_html/wp-content/plugins/woocommerce/includes/libraries/class-emogrifier.php on line 373
2018-04-02T16:05:01+00:00 ERROR DOMXPath::query(): Invalid expression in selector >> -->
<!---->
<!--h1 << in /var/www/orange.ru.com/public_html/wp-content/plugins/woocommerce/includes/libraries/class-emogrifier.php on line 373
2018-04-02T16:05:13+00:00 ERROR DOMXPath::query(): Invalid expression in selector >> -->
<!---->
<!--h1 << in /var/www/orange.ru.com/public_html/wp-content/plugins/woocommerce/includes/libraries/class-emogrifier.php on line 373
2018-04-02T16:05:15+00:00 ERROR DOMXPath::query(): Invalid expression in selector >> -->
<!---->
<!--h1 << in /var/www/orange.ru.com/public_html/wp-content/plugins/woocommerce/includes/libraries/class-emogrifier.php on line 373
2018-04-02T16:05:28+00:00 ERROR DOMXPath::query(): Invalid expression in selector >> -->
<!---->
<!--h1 << in /var/www/orange.ru.com/public_html/wp-content/plugins/woocommerce/includes/libraries/class-emogrifier.php on line 373
2018-04-02T16:05:29+00:00 ERROR DOMXPath::query(): Invalid expression in selector >> -->
<!---->
<!--h1 << in /var/www/orange.ru.com/public_html/wp-content/plugins/woocommerce/includes/libraries/class-emogrifier.php on line 373
2018-04-02T16:05:39+00:00 ERROR DOMXPath::query(): Invalid expression in selector >> -->
<!---->
<!--h1 << in /var/www/orange.ru.com/public_html/wp-content/plugins/woocommerce/includes/libraries/class-emogrifier.php on line 373
2018-04-02T16:05:49+00:00 ERROR DOMXPath::query(): Invalid expression in selector >> -->
<!---->
<!--h1 << in /var/www/orange.ru.com/public_html/wp-content/plugins/woocommerce/includes/libraries/class-emogrifier.php on line 373
2018-04-04T18:20:57+00:00 ERROR DOMXPath::query(): Invalid expression in selector >> -->
<!---->
<!--h1 << in /var/www/orange.ru.com/public_html/wp-content/plugins/woocommerce/includes/libraries/class-emogrifier.php on line 373
2018-04-04T18:20:59+00:00 ERROR DOMXPath::query(): Invalid expression in selector >> -->
<!---->
<!--h1 << in /var/www/orange.ru.com/public_html/wp-content/plugins/woocommerce/includes/libraries/class-emogrifier.php on line 373
2018-04-04T18:26:38+00:00 ERROR DOMXPath::query(): Invalid expression in selector >> -->
<!---->
<!--h1 << in /var/www/orange.ru.com/public_html/wp-content/plugins/woocommerce/includes/libraries/class-emogrifier.php on line 373
2018-04-04T18:26:40+00:00 ERROR DOMXPath::query(): Invalid expression in selector >> -->
<!---->
<!--h1 << in /var/www/orange.ru.com/public_html/wp-content/plugins/woocommerce/includes/libraries/class-emogrifier.php on line 373
2018-04-04T18:30:30+00:00 ERROR DOMXPath::query(): Invalid expression in selector >> -->
<!---->
<!--h1 << in /var/www/orange.ru.com/public_html/wp-content/plugins/woocommerce/includes/libraries/class-emogrifier.php on line 373
2018-04-04T18:30:31+00:00 ERROR DOMXPath::query(): Invalid expression in selector >> -->
<!---->
<!--h1 << in /var/www/orange.ru.com/public_html/wp-content/plugins/woocommerce/includes/libraries/class-emogrifier.php on line 373
2018-04-04T18:45:18+00:00 ERROR DOMXPath::query(): Invalid expression in selector >> -->
<!---->
<!--h1 << in /var/www/orange.ru.com/public_html/wp-content/plugins/woocommerce/includes/libraries/class-emogrifier.php on line 373
2018-04-04T18:45:19+00:00 ERROR DOMXPath::query(): Invalid expression in selector >> -->
<!---->
<!--h1 << in /var/www/orange.ru.com/public_html/wp-content/plugins/woocommerce/includes/libraries/class-emogrifier.php on line 373
2018-04-05T02:06:21+00:00 ERROR DOMXPath::query(): Invalid expression in selector >> -->
<!---->
<!--h1 << in /var/www/orange.ru.com/public_html/wp-content/plugins/woocommerce/includes/libraries/class-emogrifier.php on line 373
2018-04-05T02:06:22+00:00 ERROR DOMXPath::query(): Invalid expression in selector >> -->
<!---->
<!--h1 << in /var/www/orange.ru.com/public_html/wp-content/plugins/woocommerce/includes/libraries/class-emogrifier.php on line 373
2018-04-05T02:07:39+00:00 ERROR DOMXPath::query(): Invalid expression in selector >> -->
<!---->
<!--h1 << in /var/www/orange.ru.com/public_html/wp-content/plugins/woocommerce/includes/libraries/class-emogrifier.php on line 373
2018-04-05T02:07:42+00:00 ERROR DOMXPath::query(): Invalid expression in selector >> -->
<!---->
<!--h1 << in /var/www/orange.ru.com/public_html/wp-content/plugins/woocommerce/includes/libraries/class-emogrifier.php on line 373
2018-04-05T05:50:42+00:00 ERROR DOMXPath::query(): Invalid expression in selector >> -->
<!---->
<!--h1 << in /var/www/orange.ru.com/public_html/wp-content/plugins/woocommerce/includes/libraries/class-emogrifier.php on line 373
2018-04-05T05:50:47+00:00 ERROR DOMXPath::query(): Invalid expression in selector >> -->
<!---->
<!--h1 << in /var/www/orange.ru.com/public_html/wp-content/plugins/woocommerce/includes/libraries/class-emogrifier.php on line 373
2018-04-05T08:56:47+00:00 ERROR DOMXPath::query(): Invalid expression in selector >> -->
<!---->
<!--h1 << in /var/www/orange.ru.com/public_html/wp-content/plugins/woocommerce/includes/libraries/class-emogrifier.php on line 373
2018-04-05T08:56:49+00:00 ERROR DOMXPath::query(): Invalid expression in selector >> -->
<!---->
<!--h1 << in /var/www/orange.ru.com/public_html/wp-content/plugins/woocommerce/includes/libraries/class-emogrifier.php on line 373
2018-04-05T10:17:43+00:00 ERROR DOMXPath::query(): Invalid expression in selector >> -->
<!---->
<!--h1 << in /var/www/orange.ru.com/public_html/wp-content/plugins/woocommerce/includes/libraries/class-emogrifier.php on line 373
2018-04-05T10:17:45+00:00 ERROR DOMXPath::query(): Invalid expression in selector >> -->
<!---->
<!--h1 << in /var/www/orange.ru.com/public_html/wp-content/plugins/woocommerce/includes/libraries/class-emogrifier.php on line 373
2018-04-06T02:59:49+00:00 ERROR DOMXPath::query(): Invalid expression in selector >> -->
<!---->
<!--h1 << in /var/www/orange.ru.com/public_html/wp-content/plugins/woocommerce/includes/libraries/class-emogrifier.php on line 373
2018-04-06T03:01:26+00:00 ERROR DOMXPath::query(): Invalid expression in selector >> -->
<!---->
<!--h1 << in /var/www/orange.ru.com/public_html/wp-content/plugins/woocommerce/includes/libraries/class-emogrifier.php on line 373
2018-04-06T03:02:27+00:00 ERROR DOMXPath::query(): Invalid expression in selector >> -->
<!---->
<!--h1 << in /var/www/orange.ru.com/public_html/wp-content/plugins/woocommerce/includes/libraries/class-emogrifier.php on line 373
2018-04-06T03:02:29+00:00 ERROR DOMXPath::query(): Invalid expression in selector >> -->
<!---->
<!--h1 << in /var/www/orange.ru.com/public_html/wp-content/plugins/woocommerce/includes/libraries/class-emogrifier.php on line 373
2018-04-06T03:10:31+00:00 ERROR DOMXPath::query(): Invalid expression in selector >> -->
<!---->
<!--h1 << in /var/www/orange.ru.com/public_html/wp-content/plugins/woocommerce/includes/libraries/class-emogrifier.php on line 373
2018-04-06T03:12:12+00:00 ERROR DOMXPath::query(): Invalid expression in selector >> -->
<!---->
<!--h1 << in /var/www/orange.ru.com/public_html/wp-content/plugins/woocommerce/includes/libraries/class-emogrifier.php on line 373
2018-04-06T03:28:02+00:00 ERROR DOMXPath::query(): Invalid expression in selector >> -->
<!---->
<!--h1 << in /var/www/orange.ru.com/public_html/wp-content/plugins/woocommerce/includes/libraries/class-emogrifier.php on line 373
2018-04-07T17:47:14+00:00 ERROR DOMXPath::query(): Invalid expression in selector >> -->
<!---->
<!--h1 << in /var/www/orange.ru.com/public_html/wp-content/plugins/woocommerce/includes/libraries/class-emogrifier.php on line 373
2018-04-08T03:58:24+00:00 ERROR DOMXPath::query(): Invalid expression in selector >> -->
<!---->
<!--h1 << in /var/www/orange.ru.com/public_html/wp-content/plugins/woocommerce/includes/libraries/class-emogrifier.php on line 373
2018-04-08T03:58:25+00:00 ERROR DOMXPath::query(): Invalid expression in selector >> -->
<!---->
<!--h1 << in /var/www/orange.ru.com/public_html/wp-content/plugins/woocommerce/includes/libraries/class-emogrifier.php on line 373
2018-04-08T04:24:23+00:00 ERROR DOMXPath::query(): Invalid expression in selector >> -->
<!---->
<!--h1 << in /var/www/orange.ru.com/public_html/wp-content/plugins/woocommerce/includes/libraries/class-emogrifier.php on line 373
2018-04-08T04:24:26+00:00 ERROR DOMXPath::query(): Invalid expression in selector >> -->
<!---->
<!--h1 << in /var/www/orange.ru.com/public_html/wp-content/plugins/woocommerce/includes/libraries/class-emogrifier.php on line 373
2018-04-08T04:34:47+00:00 ERROR DOMXPath::query(): Invalid expression in selector >> -->
<!---->
<!--h1 << in /var/www/orange.ru.com/public_html/wp-content/plugins/woocommerce/includes/libraries/class-emogrifier.php on line 373
2018-04-08T04:34:49+00:00 ERROR DOMXPath::query(): Invalid expression in selector >> -->
<!---->
<!--h1 << in /var/www/orange.ru.com/public_html/wp-content/plugins/woocommerce/includes/libraries/class-emogrifier.php on line 373
2018-04-08T04:50:42+00:00 ERROR DOMXPath::query(): Invalid expression in selector >> -->
<!---->
<!--h1 << in /var/www/orange.ru.com/public_html/wp-content/plugins/woocommerce/includes/libraries/class-emogrifier.php on line 373
2018-04-08T04:50:43+00:00 ERROR DOMXPath::query(): Invalid expression in selector >> -->
<!---->
<!--h1 << in /var/www/orange.ru.com/public_html/wp-content/plugins/woocommerce/includes/libraries/class-emogrifier.php on line 373
2018-04-08T05:15:47+00:00 ERROR DOMXPath::query(): Invalid expression in selector >> -->
<!---->
<!--h1 << in /var/www/orange.ru.com/public_html/wp-content/plugins/woocommerce/includes/libraries/class-emogrifier.php on line 373
2018-04-08T05:15:49+00:00 ERROR DOMXPath::query(): Invalid expression in selector >> -->
<!---->
<!--h1 << in /var/www/orange.ru.com/public_html/wp-content/plugins/woocommerce/includes/libraries/class-emogrifier.php on line 373
2018-04-09T00:33:53+00:00 ERROR DOMXPath::query(): Invalid expression in selector >> -->
<!---->
<!--h1 << in /var/www/orange.ru.com/public_html/wp-content/plugins/woocommerce/includes/libraries/class-emogrifier.php on line 373
2018-04-09T00:35:14+00:00 ERROR DOMXPath::query(): Invalid expression in selector >> -->
<!---->
<!--h1 << in /var/www/orange.ru.com/public_html/wp-content/plugins/woocommerce/includes/libraries/class-emogrifier.php on line 373
2018-04-09T00:35:18+00:00 ERROR DOMXPath::query(): Invalid expression in selector >> -->
<!---->
<!--h1 << in /var/www/orange.ru.com/public_html/wp-content/plugins/woocommerce/includes/libraries/class-emogrifier.php on line 373
2018-04-09T01:24:07+00:00 ERROR DOMXPath::query(): Invalid expression in selector >> -->
<!---->
<!--h1 << in /var/www/orange.ru.com/public_html/wp-content/plugins/woocommerce/includes/libraries/class-emogrifier.php on line 373
2018-04-09T01:24:09+00:00 ERROR DOMXPath::query(): Invalid expression in selector >> -->
<!---->
<!--h1 << in /var/www/orange.ru.com/public_html/wp-content/plugins/woocommerce/includes/libraries/class-emogrifier.php on line 373
2018-04-09T01:27:55+00:00 ERROR DOMXPath::query(): Invalid expression in selector >> -->
<!---->
<!--h1 << in /var/www/orange.ru.com/public_html/wp-content/plugins/woocommerce/includes/libraries/class-emogrifier.php on line 373
2018-04-09T01:27:56+00:00 ERROR DOMXPath::query(): Invalid expression in selector >> -->
<!---->
<!--h1 << in /var/www/orange.ru.com/public_html/wp-content/plugins/woocommerce/includes/libraries/class-emogrifier.php on line 373
2018-04-09T01:35:33+00:00 ERROR DOMXPath::query(): Invalid expression in selector >> -->
<!---->
<!--h1 << in /var/www/orange.ru.com/public_html/wp-content/plugins/woocommerce/includes/libraries/class-emogrifier.php on line 373
2018-04-09T01:35:35+00:00 ERROR DOMXPath::query(): Invalid expression in selector >> -->
<!---->
<!--h1 << in /var/www/orange.ru.com/public_html/wp-content/plugins/woocommerce/includes/libraries/class-emogrifier.php on line 373
2018-04-09T01:40:42+00:00 ERROR DOMXPath::query(): Invalid expression in selector >> -->
<!---->
<!--h1 << in /var/www/orange.ru.com/public_html/wp-content/plugins/woocommerce/includes/libraries/class-emogrifier.php on line 373
2018-04-09T01:40:43+00:00 ERROR DOMXPath::query(): Invalid expression in selector >> -->
<!---->
<!--h1 << in /var/www/orange.ru.com/public_html/wp-content/plugins/woocommerce/includes/libraries/class-emogrifier.php on line 373
2018-04-09T01:43:14+00:00 ERROR DOMXPath::query(): Invalid expression in selector >> -->
<!---->
<!--h1 << in /var/www/orange.ru.com/public_html/wp-content/plugins/woocommerce/includes/libraries/class-emogrifier.php on line 373
2018-04-09T01:43:15+00:00 ERROR DOMXPath::query(): Invalid expression in selector >> -->
<!---->
<!--h1 << in /var/www/orange.ru.com/public_html/wp-content/plugins/woocommerce/includes/libraries/class-emogrifier.php on line 373
2018-04-09T01:56:42+00:00 ERROR DOMXPath::query(): Invalid expression in selector >> -->
<!---->
<!--h1 << in /var/www/orange.ru.com/public_html/wp-content/plugins/woocommerce/includes/libraries/class-emogrifier.php on line 373
2018-04-09T01:56:44+00:00 ERROR DOMXPath::query(): Invalid expression in selector >> -->
<!---->
<!--h1 << in /var/www/orange.ru.com/public_html/wp-content/plugins/woocommerce/includes/libraries/class-emogrifier.php on line 373
2018-04-09T03:37:26+00:00 ERROR DOMXPath::query(): Invalid expression in selector >> -->
<!---->
<!--h1 << in /var/www/orange.ru.com/public_html/wp-content/plugins/woocommerce/includes/libraries/class-emogrifier.php on line 373
2018-04-09T03:37:29+00:00 ERROR DOMXPath::query(): Invalid expression in selector >> -->
<!---->
<!--h1 << in /var/www/orange.ru.com/public_html/wp-content/plugins/woocommerce/includes/libraries/class-emogrifier.php on line 373
2018-04-09T03:50:51+00:00 ERROR DOMXPath::query(): Invalid expression in selector >> -->
<!---->
<!--h1 << in /var/www/orange.ru.com/public_html/wp-content/plugins/woocommerce/includes/libraries/class-emogrifier.php on line 373
2018-04-09T03:50:54+00:00 ERROR DOMXPath::query(): Invalid expression in selector >> -->
<!---->
<!--h1 << in /var/www/orange.ru.com/public_html/wp-content/plugins/woocommerce/includes/libraries/class-emogrifier.php on line 373
2018-04-09T03:52:18+00:00 ERROR DOMXPath::query(): Invalid expression in selector >> -->
<!---->
<!--h1 << in /var/www/orange.ru.com/public_html/wp-content/plugins/woocommerce/includes/libraries/class-emogrifier.php on line 373
2018-04-09T03:52:20+00:00 ERROR DOMXPath::query(): Invalid expression in selector >> -->
<!---->
<!--h1 << in /var/www/orange.ru.com/public_html/wp-content/plugins/woocommerce/includes/libraries/class-emogrifier.php on line 373
2018-04-09T03:55:38+00:00 ERROR DOMXPath::query(): Invalid expression in selector >> -->
<!---->
<!--h1 << in /var/www/orange.ru.com/public_html/wp-content/plugins/woocommerce/includes/libraries/class-emogrifier.php on line 373
2018-04-09T03:55:39+00:00 ERROR DOMXPath::query(): Invalid expression in selector >> -->
<!---->
<!--h1 << in /var/www/orange.ru.com/public_html/wp-content/plugins/woocommerce/includes/libraries/class-emogrifier.php on line 373
2018-04-09T04:01:25+00:00 ERROR DOMXPath::query(): Invalid expression in selector >> -->
<!---->
<!--h1 << in /var/www/orange.ru.com/public_html/wp-content/plugins/woocommerce/includes/libraries/class-emogrifier.php on line 373
2018-04-09T04:01:26+00:00 ERROR DOMXPath::query(): Invalid expression in selector >> -->
<!---->
<!--h1 << in /var/www/orange.ru.com/public_html/wp-content/plugins/woocommerce/includes/libraries/class-emogrifier.php on line 373
2018-04-09T04:54:20+00:00 ERROR DOMXPath::query(): Invalid expression in selector >> -->
<!---->
<!--h1 << in /var/www/orange.ru.com/public_html/wp-content/plugins/woocommerce/includes/libraries/class-emogrifier.php on line 373
2018-04-09T04:54:26+00:00 ERROR DOMXPath::query(): Invalid expression in selector >> -->
<!---->
<!--h1 << in /var/www/orange.ru.com/public_html/wp-content/plugins/woocommerce/includes/libraries/class-emogrifier.php on line 373
2018-04-09T10:52:42+00:00 ERROR DOMXPath::query(): Invalid expression in selector >> -->
<!---->
<!--h1 << in /var/www/orange.ru.com/public_html/wp-content/plugins/woocommerce/includes/libraries/class-emogrifier.php on line 373
2018-04-09T10:52:44+00:00 ERROR DOMXPath::query(): Invalid expression in selector >> -->
<!---->
<!--h1 << in /var/www/orange.ru.com/public_html/wp-content/plugins/woocommerce/includes/libraries/class-emogrifier.php on line 373
2018-04-09T10:57:46+00:00 ERROR DOMXPath::query(): Invalid expression in selector >> -->
<!---->
<!--h1 << in /var/www/orange.ru.com/public_html/wp-content/plugins/woocommerce/includes/libraries/class-emogrifier.php on line 373
2018-04-09T10:57:48+00:00 ERROR DOMXPath::query(): Invalid expression in selector >> -->
<!---->
<!--h1 << in /var/www/orange.ru.com/public_html/wp-content/plugins/woocommerce/includes/libraries/class-emogrifier.php on line 373
2018-04-09T14:37:07+00:00 ERROR DOMXPath::query(): Invalid expression in selector >> -->
<!---->
<!--h1 << in /var/www/orange.ru.com/public_html/wp-content/plugins/woocommerce/includes/libraries/class-emogrifier.php on line 373
2018-04-09T14:37:18+00:00 ERROR DOMXPath::query(): Invalid expression in selector >> -->
<!---->
<!--h1 << in /var/www/orange.ru.com/public_html/wp-content/plugins/woocommerce/includes/libraries/class-emogrifier.php on line 373
2018-04-09T14:45:08+00:00 ERROR DOMXPath::query(): Invalid expression in selector >> -->
<!---->
<!--h1 << in /var/www/orange.ru.com/public_html/wp-content/plugins/woocommerce/includes/libraries/class-emogrifier.php on line 373
2018-04-09T14:45:11+00:00 ERROR DOMXPath::query(): Invalid expression in selector >> -->
<!---->
<!--h1 << in /var/www/orange.ru.com/public_html/wp-content/plugins/woocommerce/includes/libraries/class-emogrifier.php on line 373
2018-04-09T14:48:04+00:00 ERROR DOMXPath::query(): Invalid expression in selector >> -->
<!---->
<!--h1 << in /var/www/orange.ru.com/public_html/wp-content/plugins/woocommerce/includes/libraries/class-emogrifier.php on line 373
2018-04-09T14:48:10+00:00 ERROR DOMXPath::query(): Invalid expression in selector >> -->
<!---->
<!--h1 << in /var/www/orange.ru.com/public_html/wp-content/plugins/woocommerce/includes/libraries/class-emogrifier.php on line 373
2018-04-09T14:49:31+00:00 ERROR DOMXPath::query(): Invalid expression in selector >> -->
<!---->
<!--h1 << in /var/www/orange.ru.com/public_html/wp-content/plugins/woocommerce/includes/libraries/class-emogrifier.php on line 373
2018-04-09T14:49:33+00:00 ERROR DOMXPath::query(): Invalid expression in selector >> -->
<!---->
<!--h1 << in /var/www/orange.ru.com/public_html/wp-content/plugins/woocommerce/includes/libraries/class-emogrifier.php on line 373
2018-04-09T14:56:11+00:00 ERROR DOMXPath::query(): Invalid expression in selector >> -->
<!---->
<!--h1 << in /var/www/orange.ru.com/public_html/wp-content/plugins/woocommerce/includes/libraries/class-emogrifier.php on line 373
2018-04-09T14:56:14+00:00 ERROR DOMXPath::query(): Invalid expression in selector >> -->
<!---->
<!--h1 << in /var/www/orange.ru.com/public_html/wp-content/plugins/woocommerce/includes/libraries/class-emogrifier.php on line 373
2018-04-09T14:59:48+00:00 ERROR DOMXPath::query(): Invalid expression in selector >> -->
<!---->
<!--h1 << in /var/www/orange.ru.com/public_html/wp-content/plugins/woocommerce/includes/libraries/class-emogrifier.php on line 373
2018-04-09T14:59:50+00:00 ERROR DOMXPath::query(): Invalid expression in selector >> -->
<!---->
<!--h1 << in /var/www/orange.ru.com/public_html/wp-content/plugins/woocommerce/includes/libraries/class-emogrifier.php on line 373
2018-04-09T15:11:16+00:00 ERROR DOMXPath::query(): Invalid expression in selector >> -->
<!---->
<!--h1 << in /var/www/orange.ru.com/public_html/wp-content/plugins/woocommerce/includes/libraries/class-emogrifier.php on line 373
2018-04-09T15:11:20+00:00 ERROR DOMXPath::query(): Invalid expression in selector >> -->
<!---->
<!--h1 << in /var/www/orange.ru.com/public_html/wp-content/plugins/woocommerce/includes/libraries/class-emogrifier.php on line 373
2018-04-09T15:13:52+00:00 ERROR DOMXPath::query(): Invalid expression in selector >> -->
<!---->
<!--h1 << in /var/www/orange.ru.com/public_html/wp-content/plugins/woocommerce/includes/libraries/class-emogrifier.php on line 373
2018-04-09T15:13:54+00:00 ERROR DOMXPath::query(): Invalid expression in selector >> -->
<!---->
<!--h1 << in /var/www/orange.ru.com/public_html/wp-content/plugins/woocommerce/includes/libraries/class-emogrifier.php on line 373
2018-04-09T17:08:16+00:00 ERROR DOMXPath::query(): Invalid expression in selector >> -->
<!---->
<!--h1 << in /var/www/orange.ru.com/public_html/wp-content/plugins/woocommerce/includes/libraries/class-emogrifier.php on line 373
2018-04-09T17:08:18+00:00 ERROR DOMXPath::query(): Invalid expression in selector >> -->
<!---->
<!--h1 << in /var/www/orange.ru.com/public_html/wp-content/plugins/woocommerce/includes/libraries/class-emogrifier.php on line 373
2018-04-09T17:18:08+00:00 ERROR DOMXPath::query(): Invalid expression in selector >> -->
<!---->
<!--h1 << in /var/www/orange.ru.com/public_html/wp-content/plugins/woocommerce/includes/libraries/class-emogrifier.php on line 373
2018-04-09T17:18:11+00:00 ERROR DOMXPath::query(): Invalid expression in selector >> -->
<!---->
<!--h1 << in /var/www/orange.ru.com/public_html/wp-content/plugins/woocommerce/includes/libraries/class-emogrifier.php on line 373
2018-04-09T17:31:12+00:00 ERROR DOMXPath::query(): Invalid expression in selector >> -->
<!---->
<!--h1 << in /var/www/orange.ru.com/public_html/wp-content/plugins/woocommerce/includes/libraries/class-emogrifier.php on line 373
2018-04-09T17:31:48+00:00 ERROR DOMXPath::query(): Invalid expression in selector >> -->
<!---->
<!--h1 << in /var/www/orange.ru.com/public_html/wp-content/plugins/woocommerce/includes/libraries/class-emogrifier.php on line 373
2018-04-09T17:38:05+00:00 ERROR DOMXPath::query(): Invalid expression in selector >> -->
<!---->
<!--h1 << in /var/www/orange.ru.com/public_html/wp-content/plugins/woocommerce/includes/libraries/class-emogrifier.php on line 373
2018-04-09T17:38:08+00:00 ERROR DOMXPath::query(): Invalid expression in selector >> -->
<!---->
<!--h1 << in /var/www/orange.ru.com/public_html/wp-content/plugins/woocommerce/includes/libraries/class-emogrifier.php on line 373
2018-04-09T17:42:15+00:00 ERROR DOMXPath::query(): Invalid expression in selector >> -->
<!---->
<!--h1 << in /var/www/orange.ru.com/public_html/wp-content/plugins/woocommerce/includes/libraries/class-emogrifier.php on line 373
2018-04-09T17:42:24+00:00 ERROR DOMXPath::query(): Invalid expression in selector >> -->
<!---->
<!--h1 << in /var/www/orange.ru.com/public_html/wp-content/plugins/woocommerce/includes/libraries/class-emogrifier.php on line 373
2018-04-09T17:50:09+00:00 ERROR DOMXPath::query(): Invalid expression in selector >> -->
<!---->
<!--h1 << in /var/www/orange.ru.com/public_html/wp-content/plugins/woocommerce/includes/libraries/class-emogrifier.php on line 373
2018-04-09T17:57:12+00:00 ERROR DOMXPath::query(): Invalid expression in selector >> -->
<!---->
<!--h1 << in /var/www/orange.ru.com/public_html/wp-content/plugins/woocommerce/includes/libraries/class-emogrifier.php on line 373
2018-04-09T17:57:16+00:00 ERROR DOMXPath::query(): Invalid expression in selector >> -->
<!---->
<!--h1 << in /var/www/orange.ru.com/public_html/wp-content/plugins/woocommerce/includes/libraries/class-emogrifier.php on line 373
2018-04-09T19:08:09+00:00 ERROR DOMXPath::query(): Invalid expression in selector >> -->
<!---->
<!--h1 << in /var/www/orange.ru.com/public_html/wp-content/plugins/woocommerce/includes/libraries/class-emogrifier.php on line 373
2018-04-09T19:10:44+00:00 ERROR DOMXPath::query(): Invalid expression in selector >> -->
<!---->
<!--h1 << in /var/www/orange.ru.com/public_html/wp-content/plugins/woocommerce/includes/libraries/class-emogrifier.php on line 373
2018-04-09T19:11:18+00:00 ERROR DOMXPath::query(): Invalid expression in selector >> -->
<!---->
<!--h1 << in /var/www/orange.ru.com/public_html/wp-content/plugins/woocommerce/includes/libraries/class-emogrifier.php on line 373
2018-04-09T20:24:55+00:00 ERROR DOMXPath::query(): Invalid expression in selector >> -->
<!---->
<!--h1 << in /var/www/orange.ru.com/public_html/wp-content/plugins/woocommerce/includes/libraries/class-emogrifier.php on line 373
2018-04-09T20:25:01+00:00 ERROR DOMXPath::query(): Invalid expression in selector >> -->
<!---->
<!--h1 << in /var/www/orange.ru.com/public_html/wp-content/plugins/woocommerce/includes/libraries/class-emogrifier.php on line 373
2018-04-10T08:10:32+00:00 ERROR DOMXPath::query(): Invalid expression in selector >> -->
<!---->
<!--h1 << in /var/www/orange.ru.com/public_html/wp-content/plugins/woocommerce/includes/libraries/class-emogrifier.php on line 373
2018-04-10T08:10:33+00:00 ERROR DOMXPath::query(): Invalid expression in selector >> -->
<!---->
<!--h1 << in /var/www/orange.ru.com/public_html/wp-content/plugins/woocommerce/includes/libraries/class-emogrifier.php on line 373
2018-04-10T11:06:07+00:00 ERROR DOMXPath::query(): Invalid expression in selector >> -->
<!---->
<!--h1 << in /var/www/orange.ru.com/public_html/wp-content/plugins/woocommerce/includes/libraries/class-emogrifier.php on line 373
2018-04-10T11:06:14+00:00 ERROR DOMXPath::query(): Invalid expression in selector >> -->
<!---->
<!--h1 << in /var/www/orange.ru.com/public_html/wp-content/plugins/woocommerce/includes/libraries/class-emogrifier.php on line 373
2018-04-10T12:40:46+00:00 ERROR DOMXPath::query(): Invalid expression in selector >> -->
<!---->
<!--h1 << in /var/www/orange.ru.com/public_html/wp-content/plugins/woocommerce/includes/libraries/class-emogrifier.php on line 373
2018-04-10T12:40:50+00:00 ERROR DOMXPath::query(): Invalid expression in selector >> -->
<!---->
<!--h1 << in /var/www/orange.ru.com/public_html/wp-content/plugins/woocommerce/includes/libraries/class-emogrifier.php on line 373
2018-04-10T13:13:10+00:00 ERROR DOMXPath::query(): Invalid expression in selector >> -->
<!---->
<!--h1 << in /var/www/orange.ru.com/public_html/wp-content/plugins/woocommerce/includes/libraries/class-emogrifier.php on line 373
2018-04-10T13:13:11+00:00 ERROR DOMXPath::query(): Invalid expression in selector >> -->
<!---->
<!--h1 << in /var/www/orange.ru.com/public_html/wp-content/plugins/woocommerce/includes/libraries/class-emogrifier.php on line 373
2018-04-10T13:47:32+00:00 ERROR DOMXPath::query(): Invalid expression in selector >> -->
<!---->
<!--h1 << in /var/www/orange.ru.com/public_html/wp-content/plugins/woocommerce/includes/libraries/class-emogrifier.php on line 373
2018-04-10T13:47:35+00:00 ERROR DOMXPath::query(): Invalid expression in selector >> -->
<!---->
<!--h1 << in /var/www/orange.ru.com/public_html/wp-content/plugins/woocommerce/includes/libraries/class-emogrifier.php on line 373
2018-04-10T14:33:23+00:00 ERROR DOMXPath::query(): Invalid expression in selector >> -->
<!---->
<!--h1 << in /var/www/orange.ru.com/public_html/wp-content/plugins/woocommerce/includes/libraries/class-emogrifier.php on line 373
2018-04-10T14:33:29+00:00 ERROR DOMXPath::query(): Invalid expression in selector >> -->
<!---->
<!--h1 << in /var/www/orange.ru.com/public_html/wp-content/plugins/woocommerce/includes/libraries/class-emogrifier.php on line 373
2018-04-10T21:25:27+00:00 ERROR DOMXPath::query(): Invalid expression in selector >> -->
<!---->
<!--h1 << in /var/www/orange.ru.com/public_html/wp-content/plugins/woocommerce/includes/libraries/class-emogrifier.php on line 373
2018-04-10T21:25:31+00:00 ERROR DOMXPath::query(): Invalid expression in selector >> -->
<!---->
<!--h1 << in /var/www/orange.ru.com/public_html/wp-content/plugins/woocommerce/includes/libraries/class-emogrifier.php on line 373
2018-04-10T22:08:05+00:00 ERROR DOMXPath::query(): Invalid expression in selector >> -->
<!---->
<!--h1 << in /var/www/orange.ru.com/public_html/wp-content/plugins/woocommerce/includes/libraries/class-emogrifier.php on line 373
2018-04-10T22:08:09+00:00 ERROR DOMXPath::query(): Invalid expression in selector >> -->
<!---->
<!--h1 << in /var/www/orange.ru.com/public_html/wp-content/plugins/woocommerce/includes/libraries/class-emogrifier.php on line 373
2018-04-10T22:11:03+00:00 ERROR DOMXPath::query(): Invalid expression in selector >> -->
<!---->
<!--h1 << in /var/www/orange.ru.com/public_html/wp-content/plugins/woocommerce/includes/libraries/class-emogrifier.php on line 373
2018-04-10T22:11:05+00:00 ERROR DOMXPath::query(): Invalid expression in selector >> -->
<!---->
<!--h1 << in /var/www/orange.ru.com/public_html/wp-content/plugins/woocommerce/includes/libraries/class-emogrifier.php on line 373
2018-04-11T08:33:12+00:00 ERROR DOMXPath::query(): Invalid expression in selector >> -->
<!---->
<!--h1 << in /var/www/orange.ru.com/public_html/wp-content/plugins/woocommerce/includes/libraries/class-emogrifier.php on line 373
2018-04-11T08:33:22+00:00 ERROR DOMXPath::query(): Invalid expression in selector >> -->
<!---->
<!--h1 << in /var/www/orange.ru.com/public_html/wp-content/plugins/woocommerce/includes/libraries/class-emogrifier.php on line 373
2018-04-11T11:11:15+00:00 ERROR DOMXPath::query(): Invalid expression in selector >> -->
<!---->
<!--h1 << in /var/www/orange.ru.com/public_html/wp-content/plugins/woocommerce/includes/libraries/class-emogrifier.php on line 373
2018-04-11T11:11:17+00:00 ERROR DOMXPath::query(): Invalid expression in selector >> -->
<!---->
<!--h1 << in /var/www/orange.ru.com/public_html/wp-content/plugins/woocommerce/includes/libraries/class-emogrifier.php on line 373
2018-04-11T11:15:26+00:00 ERROR DOMXPath::query(): Invalid expression in selector >> -->
<!---->
<!--h1 << in /var/www/orange.ru.com/public_html/wp-content/plugins/woocommerce/includes/libraries/class-emogrifier.php on line 373
2018-04-11T11:41:24+00:00 ERROR DOMXPath::query(): Invalid expression in selector >> -->
<!---->
<!--h1 << in /var/www/orange.ru.com/public_html/wp-content/plugins/woocommerce/includes/libraries/class-emogrifier.php on line 373
2018-04-11T11:41:30+00:00 ERROR DOMXPath::query(): Invalid expression in selector >> -->
<!---->
<!--h1 << in /var/www/orange.ru.com/public_html/wp-content/plugins/woocommerce/includes/libraries/class-emogrifier.php on line 373
2018-04-11T11:41:33+00:00 ERROR DOMXPath::query(): Invalid expression in selector >> -->
<!---->
<!--h1 << in /var/www/orange.ru.com/public_html/wp-content/plugins/woocommerce/includes/libraries/class-emogrifier.php on line 373
2018-04-11T11:41:37+00:00 ERROR DOMXPath::query(): Invalid expression in selector >> -->
<!---->
<!--h1 << in /var/www/orange.ru.com/public_html/wp-content/plugins/woocommerce/includes/libraries/class-emogrifier.php on line 373
2018-04-11T12:00:54+00:00 ERROR DOMXPath::query(): Invalid expression in selector >> -->
<!---->
<!--h1 << in /var/www/orange.ru.com/public_html/wp-content/plugins/woocommerce/includes/libraries/class-emogrifier.php on line 373
2018-04-11T12:19:00+00:00 ERROR DOMXPath::query(): Invalid expression in selector >> -->
<!---->
<!--h1 << in /var/www/orange.ru.com/public_html/wp-content/plugins/woocommerce/includes/libraries/class-emogrifier.php on line 373
2018-04-11T12:27:21+00:00 ERROR DOMXPath::query(): Invalid expression in selector >> -->
<!---->
<!--h1 << in /var/www/orange.ru.com/public_html/wp-content/plugins/woocommerce/includes/libraries/class-emogrifier.php on line 373
2018-04-11T12:27:27+00:00 ERROR DOMXPath::query(): Invalid expression in selector >> -->
<!---->
<!--h1 << in /var/www/orange.ru.com/public_html/wp-content/plugins/woocommerce/includes/libraries/class-emogrifier.php on line 373
2018-04-11T13:48:08+00:00 ERROR DOMXPath::query(): Invalid expression in selector >> -->
<!---->
<!--h1 << in /var/www/orange.ru.com/public_html/wp-content/plugins/woocommerce/includes/libraries/class-emogrifier.php on line 373
2018-04-11T13:48:11+00:00 ERROR DOMXPath::query(): Invalid expression in selector >> -->
<!---->
<!--h1 << in /var/www/orange.ru.com/public_html/wp-content/plugins/woocommerce/includes/libraries/class-emogrifier.php on line 373
2018-04-11T14:27:12+00:00 ERROR DOMXPath::query(): Invalid expression in selector >> -->
<!---->
<!--h1 << in /var/www/orange.ru.com/public_html/wp-content/plugins/woocommerce/includes/libraries/class-emogrifier.php on line 373
2018-04-11T14:27:15+00:00 ERROR DOMXPath::query(): Invalid expression in selector >> -->
<!---->
<!--h1 << in /var/www/orange.ru.com/public_html/wp-content/plugins/woocommerce/includes/libraries/class-emogrifier.php on line 373
2018-04-11T14:47:41+00:00 ERROR DOMXPath::query(): Invalid expression in selector >> -->
<!---->
<!--h1 << in /var/www/orange.ru.com/public_html/wp-content/plugins/woocommerce/includes/libraries/class-emogrifier.php on line 373
2018-04-11T14:47:43+00:00 ERROR DOMXPath::query(): Invalid expression in selector >> -->
<!---->
<!--h1 << in /var/www/orange.ru.com/public_html/wp-content/plugins/woocommerce/includes/libraries/class-emogrifier.php on line 373
2018-04-11T14:49:59+00:00 ERROR DOMXPath::query(): Invalid expression in selector >> -->
<!---->
<!--h1 << in /var/www/orange.ru.com/public_html/wp-content/plugins/woocommerce/includes/libraries/class-emogrifier.php on line 373
2018-04-11T14:50:01+00:00 ERROR DOMXPath::query(): Invalid expression in selector >> -->
<!---->
<!--h1 << in /var/www/orange.ru.com/public_html/wp-content/plugins/woocommerce/includes/libraries/class-emogrifier.php on line 373
2018-04-11T17:18:35+00:00 ERROR DOMXPath::query(): Invalid expression in selector >> -->
<!---->
<!--h1 << in /var/www/orange.ru.com/public_html/wp-content/plugins/woocommerce/includes/libraries/class-emogrifier.php on line 373
2018-04-11T17:18:41+00:00 ERROR DOMXPath::query(): Invalid expression in selector >> -->
<!---->
<!--h1 << in /var/www/orange.ru.com/public_html/wp-content/plugins/woocommerce/includes/libraries/class-emogrifier.php on line 373
2018-04-11T20:59:42+00:00 ERROR DOMXPath::query(): Invalid expression in selector >> -->
<!---->
<!--h1 << in /var/www/orange.ru.com/public_html/wp-content/plugins/woocommerce/includes/libraries/class-emogrifier.php on line 373
2018-04-11T21:00:45+00:00 ERROR DOMXPath::query(): Invalid expression in selector >> -->
<!---->
<!--h1 << in /var/www/orange.ru.com/public_html/wp-content/plugins/woocommerce/includes/libraries/class-emogrifier.php on line 373
2018-04-11T21:01:28+00:00 ERROR DOMXPath::query(): Invalid expression in selector >> -->
<!---->
<!--h1 << in /var/www/orange.ru.com/public_html/wp-content/plugins/woocommerce/includes/libraries/class-emogrifier.php on line 373
2018-04-11T21:02:16+00:00 ERROR DOMXPath::query(): Invalid expression in selector >> -->
<!---->
<!--h1 << in /var/www/orange.ru.com/public_html/wp-content/plugins/woocommerce/includes/libraries/class-emogrifier.php on line 373
2018-04-11T21:11:18+00:00 ERROR DOMXPath::query(): Invalid expression in selector >> -->
<!---->
<!--h1 << in /var/www/orange.ru.com/public_html/wp-content/plugins/woocommerce/includes/libraries/class-emogrifier.php on line 373
2018-04-12T00:46:57+00:00 ERROR DOMXPath::query(): Invalid expression in selector >> -->
<!---->
<!--h1 << in /var/www/orange.ru.com/public_html/wp-content/plugins/woocommerce/includes/libraries/class-emogrifier.php on line 373
2018-04-12T10:20:08+00:00 ERROR DOMXPath::query(): Invalid expression in selector >> -->
<!---->
<!--h1 << in /var/www/orange.ru.com/public_html/wp-content/plugins/woocommerce/includes/libraries/class-emogrifier.php on line 373
2018-04-12T10:20:11+00:00 ERROR DOMXPath::query(): Invalid expression in selector >> -->
<!---->
<!--h1 << in /var/www/orange.ru.com/public_html/wp-content/plugins/woocommerce/includes/libraries/class-emogrifier.php on line 373
2018-04-12T11:45:50+00:00 ERROR DOMXPath::query(): Invalid expression in selector >> -->
<!---->
<!--h1 << in /var/www/orange.ru.com/public_html/wp-content/plugins/woocommerce/includes/libraries/class-emogrifier.php on line 373
2018-04-12T11:45:53+00:00 ERROR DOMXPath::query(): Invalid expression in selector >> -->
<!---->
<!--h1 << in /var/www/orange.ru.com/public_html/wp-content/plugins/woocommerce/includes/libraries/class-emogrifier.php on line 373
2018-04-12T12:19:18+00:00 ERROR DOMXPath::query(): Invalid expression in selector >> -->
<!---->
<!--h1 << in /var/www/orange.ru.com/public_html/wp-content/plugins/woocommerce/includes/libraries/class-emogrifier.php on line 373
2018-04-12T12:19:24+00:00 ERROR DOMXPath::query(): Invalid expression in selector >> -->
<!---->
<!--h1 << in /var/www/orange.ru.com/public_html/wp-content/plugins/woocommerce/includes/libraries/class-emogrifier.php on line 373
2018-04-12T15:06:59+00:00 ERROR DOMXPath::query(): Invalid expression in selector >> -->
<!---->
<!--h1 << in /var/www/orange.ru.com/public_html/wp-content/plugins/woocommerce/includes/libraries/class-emogrifier.php on line 373
2018-04-12T15:07:01+00:00 ERROR DOMXPath::query(): Invalid expression in selector >> -->
<!---->
<!--h1 << in /var/www/orange.ru.com/public_html/wp-content/plugins/woocommerce/includes/libraries/class-emogrifier.php on line 373
2018-04-12T15:13:35+00:00 ERROR DOMXPath::query(): Invalid expression in selector >> -->
<!---->
<!--h1 << in /var/www/orange.ru.com/public_html/wp-content/plugins/woocommerce/includes/libraries/class-emogrifier.php on line 373
2018-04-12T15:13:38+00:00 ERROR DOMXPath::query(): Invalid expression in selector >> -->
<!---->
<!--h1 << in /var/www/orange.ru.com/public_html/wp-content/plugins/woocommerce/includes/libraries/class-emogrifier.php on line 373
2018-04-12T15:49:16+00:00 ERROR DOMXPath::query(): Invalid expression in selector >> -->
<!---->
<!--h1 << in /var/www/orange.ru.com/public_html/wp-content/plugins/woocommerce/includes/libraries/class-emogrifier.php on line 373
2018-04-12T17:13:28+00:00 ERROR DOMXPath::query(): Invalid expression in selector >> -->
<!---->
<!--h1 << in /var/www/orange.ru.com/public_html/wp-content/plugins/woocommerce/includes/libraries/class-emogrifier.php on line 373
2018-04-12T17:39:19+00:00 ERROR DOMXPath::query(): Invalid expression in selector >> -->
<!---->
<!--h1 << in /var/www/orange.ru.com/public_html/wp-content/plugins/woocommerce/includes/libraries/class-emogrifier.php on line 373
2018-04-12T17:39:20+00:00 ERROR DOMXPath::query(): Invalid expression in selector >> -->
<!---->
<!--h1 << in /var/www/orange.ru.com/public_html/wp-content/plugins/woocommerce/includes/libraries/class-emogrifier.php on line 373
2018-04-12T17:39:24+00:00 ERROR DOMXPath::query(): Invalid expression in selector >> -->
<!---->
<!--h1 << in /var/www/orange.ru.com/public_html/wp-content/plugins/woocommerce/includes/libraries/class-emogrifier.php on line 373
2018-04-12T17:39:25+00:00 ERROR DOMXPath::query(): Invalid expression in selector >> -->
<!---->
<!--h1 << in /var/www/orange.ru.com/public_html/wp-content/plugins/woocommerce/includes/libraries/class-emogrifier.php on line 373
2018-04-12T18:15:04+00:00 ERROR DOMXPath::query(): Invalid expression in selector >> -->
<!---->
<!--h1 << in /var/www/orange.ru.com/public_html/wp-content/plugins/woocommerce/includes/libraries/class-emogrifier.php on line 373
2018-04-12T18:15:10+00:00 ERROR DOMXPath::query(): Invalid expression in selector >> -->
<!---->
<!--h1 << in /var/www/orange.ru.com/public_html/wp-content/plugins/woocommerce/includes/libraries/class-emogrifier.php on line 373
2018-04-12T18:39:15+00:00 ERROR DOMXPath::query(): Invalid expression in selector >> -->
<!---->
<!--h1 << in /var/www/orange.ru.com/public_html/wp-content/plugins/woocommerce/includes/libraries/class-emogrifier.php on line 373
2018-04-12T18:39:16+00:00 ERROR DOMXPath::query(): Invalid expression in selector >> -->
<!---->
<!--h1 << in /var/www/orange.ru.com/public_html/wp-content/plugins/woocommerce/includes/libraries/class-emogrifier.php on line 373
2018-04-12T18:50:38+00:00 ERROR DOMXPath::query(): Invalid expression in selector >> -->
<!---->
<!--h1 << in /var/www/orange.ru.com/public_html/wp-content/plugins/woocommerce/includes/libraries/class-emogrifier.php on line 373
2018-04-12T18:50:39+00:00 ERROR DOMXPath::query(): Invalid expression in selector >> -->
<!---->
<!--h1 << in /var/www/orange.ru.com/public_html/wp-content/plugins/woocommerce/includes/libraries/class-emogrifier.php on line 373
2018-04-12T20:55:51+00:00 ERROR DOMXPath::query(): Invalid expression in selector >> -->
<!---->
<!--h1 << in /var/www/orange.ru.com/public_html/wp-content/plugins/woocommerce/includes/libraries/class-emogrifier.php on line 373
2018-04-12T20:57:15+00:00 ERROR DOMXPath::query(): Invalid expression in selector >> -->
<!---->
<!--h1 << in /var/www/orange.ru.com/public_html/wp-content/plugins/woocommerce/includes/libraries/class-emogrifier.php on line 373
2018-04-12T23:00:35+00:00 ERROR DOMXPath::query(): Invalid expression in selector >> -->
<!---->
<!--h1 << in /var/www/orange.ru.com/public_html/wp-content/plugins/woocommerce/includes/libraries/class-emogrifier.php on line 373
2018-04-13T10:00:00+00:00 ERROR DOMXPath::query(): Invalid expression in selector >> -->
<!---->
<!--h1 << in /var/www/orange.ru.com/public_html/wp-content/plugins/woocommerce/includes/libraries/class-emogrifier.php on line 373
2018-04-13T10:00:03+00:00 ERROR DOMXPath::query(): Invalid expression in selector >> -->
<!---->
<!--h1 << in /var/www/orange.ru.com/public_html/wp-content/plugins/woocommerce/includes/libraries/class-emogrifier.php on line 373
2018-04-13T11:18:56+00:00 ERROR DOMXPath::query(): Invalid expression in selector >> -->
<!---->
<!--h1 << in /var/www/orange.ru.com/public_html/wp-content/plugins/woocommerce/includes/libraries/class-emogrifier.php on line 373
2018-04-13T13:11:24+00:00 ERROR DOMXPath::query(): Invalid expression in selector >> -->
<!---->
<!--h1 << in /var/www/orange.ru.com/public_html/wp-content/plugins/woocommerce/includes/libraries/class-emogrifier.php on line 373
2018-04-13T13:22:58+00:00 ERROR DOMXPath::query(): Invalid expression in selector >> -->
<!---->
<!--h1 << in /var/www/orange.ru.com/public_html/wp-content/plugins/woocommerce/includes/libraries/class-emogrifier.php on line 373
2018-04-13T13:23:00+00:00 ERROR DOMXPath::query(): Invalid expression in selector >> -->
<!---->
<!--h1 << in /var/www/orange.ru.com/public_html/wp-content/plugins/woocommerce/includes/libraries/class-emogrifier.php on line 373
2018-04-13T13:31:07+00:00 ERROR DOMXPath::query(): Invalid expression in selector >> -->
<!---->
<!--h1 << in /var/www/orange.ru.com/public_html/wp-content/plugins/woocommerce/includes/libraries/class-emogrifier.php on line 373
2018-04-13T13:35:12+00:00 ERROR DOMXPath::query(): Invalid expression in selector >> -->
<!---->
<!--h1 << in /var/www/orange.ru.com/public_html/wp-content/plugins/woocommerce/includes/libraries/class-emogrifier.php on line 373
2018-04-13T13:36:07+00:00 ERROR DOMXPath::query(): Invalid expression in selector >> -->
<!---->
<!--h1 << in /var/www/orange.ru.com/public_html/wp-content/plugins/woocommerce/includes/libraries/class-emogrifier.php on line 373
2018-04-13T13:36:42+00:00 ERROR DOMXPath::query(): Invalid expression in selector >> -->
<!---->
<!--h1 << in /var/www/orange.ru.com/public_html/wp-content/plugins/woocommerce/includes/libraries/class-emogrifier.php on line 373
2018-04-13T14:14:28+00:00 ERROR DOMXPath::query(): Invalid expression in selector >> -->
<!---->
<!--h1 << in /var/www/orange.ru.com/public_html/wp-content/plugins/woocommerce/includes/libraries/class-emogrifier.php on line 373
2018-04-13T14:14:30+00:00 ERROR DOMXPath::query(): Invalid expression in selector >> -->
<!---->
<!--h1 << in /var/www/orange.ru.com/public_html/wp-content/plugins/woocommerce/includes/libraries/class-emogrifier.php on line 373
2018-04-13T15:41:39+00:00 ERROR DOMXPath::query(): Invalid expression in selector >> -->
<!---->
<!--h1 << in /var/www/orange.ru.com/public_html/wp-content/plugins/woocommerce/includes/libraries/class-emogrifier.php on line 373
2018-04-13T16:28:32+00:00 ERROR DOMXPath::query(): Invalid expression in selector >> -->
<!---->
<!--h1 << in /var/www/orange.ru.com/public_html/wp-content/plugins/woocommerce/includes/libraries/class-emogrifier.php on line 373
2018-04-13T20:41:25+00:00 ERROR DOMXPath::query(): Invalid expression in selector >> -->
<!---->
<!--h1 << in /var/www/orange.ru.com/public_html/wp-content/plugins/woocommerce/includes/libraries/class-emogrifier.php on line 373
2018-04-13T20:41:28+00:00 ERROR DOMXPath::query(): Invalid expression in selector >> -->
<!---->
<!--h1 << in /var/www/orange.ru.com/public_html/wp-content/plugins/woocommerce/includes/libraries/class-emogrifier.php on line 373
2018-04-13T20:42:32+00:00 ERROR DOMXPath::query(): Invalid expression in selector >> -->
<!---->
<!--h1 << in /var/www/orange.ru.com/public_html/wp-content/plugins/woocommerce/includes/libraries/class-emogrifier.php on line 373
2018-04-13T20:42:33+00:00 ERROR DOMXPath::query(): Invalid expression in selector >> -->
<!---->
<!--h1 << in /var/www/orange.ru.com/public_html/wp-content/plugins/woocommerce/includes/libraries/class-emogrifier.php on line 373
2018-04-13T20:43:53+00:00 ERROR DOMXPath::query(): Invalid expression in selector >> -->
<!---->
<!--h1 << in /var/www/orange.ru.com/public_html/wp-content/plugins/woocommerce/includes/libraries/class-emogrifier.php on line 373
2018-04-13T20:43:56+00:00 ERROR DOMXPath::query(): Invalid expression in selector >> -->
<!---->
<!--h1 << in /var/www/orange.ru.com/public_html/wp-content/plugins/woocommerce/includes/libraries/class-emogrifier.php on line 373
2018-04-13T22:30:32+00:00 ERROR DOMXPath::query(): Invalid expression in selector >> -->
<!---->
<!--h1 << in /var/www/orange.ru.com/public_html/wp-content/plugins/woocommerce/includes/libraries/class-emogrifier.php on line 373
2018-04-13T22:30:35+00:00 ERROR DOMXPath::query(): Invalid expression in selector >> -->
<!---->
<!--h1 << in /var/www/orange.ru.com/public_html/wp-content/plugins/woocommerce/includes/libraries/class-emogrifier.php on line 373
2018-04-14T12:29:51+00:00 ERROR DOMXPath::query(): Invalid expression in selector >> -->
<!---->
<!--h1 << in /var/www/orange.ru.com/public_html/wp-content/plugins/woocommerce/includes/libraries/class-emogrifier.php on line 373
2018-04-14T21:52:46+00:00 ERROR DOMXPath::query(): Invalid expression in selector >> -->
<!---->
<!--h1 << in /var/www/orange.ru.com/public_html/wp-content/plugins/woocommerce/includes/libraries/class-emogrifier.php on line 373
2018-04-14T21:52:48+00:00 ERROR DOMXPath::query(): Invalid expression in selector >> -->
<!---->
<!--h1 << in /var/www/orange.ru.com/public_html/wp-content/plugins/woocommerce/includes/libraries/class-emogrifier.php on line 373
2018-04-15T23:20:55+00:00 ERROR DOMXPath::query(): Invalid expression in selector >> -->
<!---->
<!--h1 << in /var/www/orange.ru.com/public_html/wp-content/plugins/woocommerce/includes/libraries/class-emogrifier.php on line 373
2018-04-15T23:21:42+00:00 ERROR DOMXPath::query(): Invalid expression in selector >> -->
<!---->
<!--h1 << in /var/www/orange.ru.com/public_html/wp-content/plugins/woocommerce/includes/libraries/class-emogrifier.php on line 373
2018-04-16T07:39:55+00:00 ERROR DOMXPath::query(): Invalid expression in selector >> -->
<!---->
<!--h1 << in /var/www/orange.ru.com/public_html/wp-content/plugins/woocommerce/includes/libraries/class-emogrifier.php on line 373
2018-04-16T07:39:58+00:00 ERROR DOMXPath::query(): Invalid expression in selector >> -->
<!---->
<!--h1 << in /var/www/orange.ru.com/public_html/wp-content/plugins/woocommerce/includes/libraries/class-emogrifier.php on line 373
2018-04-16T12:19:17+00:00 ERROR DOMXPath::query(): Invalid expression in selector >> -->
<!---->
<!--h1 << in /var/www/orange.ru.com/public_html/wp-content/plugins/woocommerce/includes/libraries/class-emogrifier.php on line 373
2018-04-16T12:19:19+00:00 ERROR DOMXPath::query(): Invalid expression in selector >> -->
<!---->
<!--h1 << in /var/www/orange.ru.com/public_html/wp-content/plugins/woocommerce/includes/libraries/class-emogrifier.php on line 373
